# JRE version: Java(TM) SE Runtime Environment (8.0_144-b01) (build 1.8.0_144-b01)
# Java VM: Java HotSpot(TM) 64-Bit Server VM (25.144-b01 mixed mode linux-amd64 compressed oops)
Heap:
 PSYoungGen      total 54784K, used 9040K [0x00000000eb700000, 0x00000000f0100000, 0x0000000100000000)
  eden space 36864K, 24% used [0x00000000eb700000,0x00000000ebfd4200,0x00000000edb00000)
  from space 17920K, 0% used [0x00000000eef80000,0x00000000eef80000,0x00000000f0100000)
  to   space 19456K, 0% used [0x00000000edb00000,0x00000000edb00000,0x00000000eee00000)
 ParOldGen       total 59392K, used 36182K [0x00000000c2400000, 0x00000000c5e00000, 0x00000000eb700000)
  object space 59392K, 60% used [0x00000000c2400000,0x00000000c4755818,0x00000000c5e00000)
 Metaspace       used 17013K, capacity 17656K, committed 17792K, reserved 1064960K
  class space    used 2175K, capacity 2375K, committed 2432K, reserved 1048576K
GC Heap History (10 events):
Event: 19.452 GC heap before
{Heap before GC invocations=23 (full 2):
 PSYoungGen      total 60928K, used 55431K [0x00000000eb700000, 0x00000000f0900000, 0x0000000100000000)
  eden space 40960K, 99% used [0x00000000eb700000,0x00000000edee9f00,0x00000000edf00000)
  from space 19968K, 72% used [0x00000000ef580000,0x00000000f03b80c0,0x00000000f0900000)
  to   space 21504K, 0% used [0x00000000edf00000,0x00000000edf00000,0x00000000ef400000)
 ParOldGen       total 61440K, used 45363K [0x00000000c2400000, 0x00000000c6000000, 0x00000000eb700000)
  object space 61440K, 73% used [0x00000000c2400000,0x00000000c504cf08,0x00000000c6000000)
 Metaspace       used 16950K, capacity 17542K, committed 17792K, reserved 1064960K
  class space    used 2168K, capacity 2364K, committed 2432K, reserved 1048576K
Event: 19.455 GC heap after
Heap after GC invocations=23 (full 2):
 PSYoungGen      total 53760K, used 13660K [0x00000000eb700000, 0x00000000f0700000, 0x0000000100000000)
  eden space 39936K, 0% used [0x00000000eb700000,0x00000000eb700000,0x00000000ede00000)
  from space 13824K, 98% used [0x00000000edf00000,0x00000000eec570c0,0x00000000eec80000)
  to   space 20992K, 0% used [0x00000000ef280000,0x00000000ef280000,0x00000000f0700000)
 ParOldGen       total 61440K, used 48987K [0x00000000c2400000, 0x00000000c6000000, 0x00000000eb700000)
  object space 61440K, 79% used [0x00000000c2400000,0x00000000c53d6f38,0x00000000c6000000)
 Metaspace       used 16950K, capacity 17542K, committed 17792K, reserved 1064960K
  class space    used 2168K, capacity 2364K, committed 2432K, reserved 1048576K
}
Event: 19.952 GC heap before
{Heap before GC invocations=24 (full 2):
 PSYoungGen      total 53760K, used 53371K [0x00000000eb700000, 0x00000000f0700000, 0x0000000100000000)
  eden space 39936K, 99% used [0x00000000eb700000,0x00000000eddc7b48,0x00000000ede00000)
  from space 13824K, 98% used [0x00000000edf00000,0x00000000eec570c0,0x00000000eec80000)
  to   space 20992K, 0% used [0x00000000ef280000,0x00000000ef280000,0x00000000f0700000)
 ParOldGen       total 61440K, used 48987K [0x00000000c2400000, 0x00000000c6000000, 0x00000000eb700000)
  object space 61440K, 79% used [0x00000000c2400000,0x00000000c53d6f38,0x00000000c6000000)
 Metaspace       used 16955K, capacity 17542K, committed 17792K, reserved 1064960K
  class space    used 2168K, capacity 2364K, committed 2432K, reserved 1048576K
Event: 19.955 GC heap after
Heap after GC invocations=24 (full 2):
 PSYoungGen      total 57856K, used 13360K [0x00000000eb700000, 0x00000000f0500000, 0x0000000100000000)
  eden space 38912K, 0% used [0x00000000eb700000,0x00000000eb700000,0x00000000edd00000)
  from space 18944K, 70% used [0x00000000ef280000,0x00000000eff8c0b0,0x00000000f0500000)
  to   space 20480K, 0% used [0x00000000edd00000,0x00000000edd00000,0x00000000ef100000)
 ParOldGen       total 61440K, used 51419K [0x00000000c2400000, 0x00000000c6000000, 0x00000000eb700000)
  object space 61440K, 83% used [0x00000000c2400000,0x00000000c5636f58,0x00000000c6000000)
 Metaspace       used 16955K, capacity 17542K, committed 17792K, reserved 1064960K
  class space    used 2168K, capacity 2364K, committed 2432K, reserved 1048576K
}
Event: 20.468 GC heap before
{Heap before GC invocations=25 (full 2):
 PSYoungGen      total 57856K, used 51583K [0x00000000eb700000, 0x00000000f0500000, 0x0000000100000000)
  eden space 38912K, 98% used [0x00000000eb700000,0x00000000edc53d00,0x00000000edd00000)
  from space 18944K, 70% used [0x00000000ef280000,0x00000000eff8c0b0,0x00000000f0500000)
  to   space 20480K, 0% used [0x00000000edd00000,0x00000000edd00000,0x00000000ef100000)
 ParOldGen       total 61440K, used 51419K [0x00000000c2400000, 0x00000000c6000000, 0x00000000eb700000)
  object space 61440K, 83% used [0x00000000c2400000,0x00000000c5636f58,0x00000000c6000000)
 Metaspace       used 16974K, capacity 17606K, committed 17792K, reserved 1064960K
  class space    used 2168K, capacity 2364K, committed 2432K, reserved 1048576K
Event: 20.470 GC heap after
Heap after GC invocations=25 (full 2):
 PSYoungGen      total 51712K, used 13360K [0x00000000eb700000, 0x00000000f0300000, 0x0000000100000000)
  eden space 37888K, 0% used [0x00000000eb700000,0x00000000eb700000,0x00000000edc00000)
  from space 13824K, 96% used [0x00000000edd00000,0x00000000eea0c0b0,0x00000000eea80000)
  to   space 19968K, 0% used [0x00000000eef80000,0x00000000eef80000,0x00000000f0300000)
 ParOldGen       total 61440K, used 53851K [0x00000000c2400000, 0x00000000c6000000, 0x00000000eb700000)
  object space 61440K, 87% used [0x00000000c2400000,0x00000000c5896f78,0x00000000c6000000)
 Metaspace       used 16974K, capacity 17606K, committed 17792K, reserved 1064960K
  class space    used 2168K, capacity 2364K, committed 2432K, reserved 1048576K
}
Event: 20.983 GC heap before
{Heap before GC invocations=26 (full 2):
 PSYoungGen      total 51712K, used 50375K [0x00000000eb700000, 0x00000000f0300000, 0x0000000100000000)
  eden space 37888K, 97% used [0x00000000eb700000,0x00000000edb25cf0,0x00000000edc00000)
  from space 13824K, 96% used [0x00000000edd00000,0x00000000eea0c0b0,0x00000000eea80000)
  to   space 19968K, 0% used [0x00000000eef80000,0x00000000eef80000,0x00000000f0300000)
 ParOldGen       total 61440K, used 53851K [0x00000000c2400000, 0x00000000c6000000, 0x00000000eb700000)
  object space 61440K, 87% used [0x00000000c2400000,0x00000000c5896f78,0x00000000c6000000)
 Metaspace       used 16990K, capacity 17612K, committed 17792K, reserved 1064960K
  class space    used 2169K, capacity 2365K, committed 2432K, reserved 1048576K
Event: 20.986 GC heap after
Heap after GC invocations=26 (full 2):
 PSYoungGen      total 54784K, used 12428K [0x00000000eb700000, 0x00000000f0100000, 0x0000000100000000)
  eden space 36864K, 0% used [0x00000000eb700000,0x00000000eb700000,0x00000000edb00000)
  from space 17920K, 69% used [0x00000000eef80000,0x00000000efba30b0,0x00000000f0100000)
  to   space 19456K, 0% used [0x00000000edb00000,0x00000000edb00000,0x00000000eee00000)
 ParOldGen       total 61440K, used 56275K [0x00000000c2400000, 0x00000000c6000000, 0x00000000eb700000)
  object space 61440K, 91% used [0x00000000c2400000,0x00000000c5af4f98,0x00000000c6000000)
 Metaspace       used 16990K, capacity 17612K, committed 17792K, reserved 1064960K
  class space    used 2169K, capacity 2365K, committed 2432K, reserved 1048576K
}
Event: 20.986 GC heap before
{Heap before GC invocations=27 (full 3):
 PSYoungGen      total 54784K, used 12428K [0x00000000eb700000, 0x00000000f0100000, 0x0000000100000000)
  eden space 36864K, 0% used [0x00000000eb700000,0x00000000eb700000,0x00000000edb00000)
  from space 17920K, 69% used [0x00000000eef80000,0x00000000efba30b0,0x00000000f0100000)
  to   space 19456K, 0% used [0x00000000edb00000,0x00000000edb00000,0x00000000eee00000)
 ParOldGen       total 61440K, used 56275K [0x00000000c2400000, 0x00000000c6000000, 0x00000000eb700000)
  object space 61440K, 91% used [0x00000000c2400000,0x00000000c5af4f98,0x00000000c6000000)
 Metaspace       used 16990K, capacity 17612K, committed 17792K, reserved 1064960K
  class space    used 2169K, capacity 2365K, committed 2432K, reserved 1048576K
Event: 21.014 GC heap after
Heap after GC invocations=27 (full 3):
 PSYoungGen      total 54784K, used 0K [0x00000000eb700000, 0x00000000f0100000, 0x0000000100000000)
  eden space 36864K, 0% used [0x00000000eb700000,0x00000000eb700000,0x00000000edb00000)
  from space 17920K, 0% used [0x00000000eef80000,0x00000000eef80000,0x00000000f0100000)
  to   space 19456K, 0% used [0x00000000edb00000,0x00000000edb00000,0x00000000eee00000)
 ParOldGen       total 59392K, used 36182K [0x00000000c2400000, 0x00000000c5e00000, 0x00000000eb700000)
  object space 59392K, 60% used [0x00000000c2400000,0x00000000c4755818,0x00000000c5e00000)
 Metaspace       used 16990K, capacity 17612K, committed 17792K, reserved 1064960K
  class space    used 2169K, capacity 2365K, committed 2432K, reserved 1048576K
}

